2022/02/05 13:48:52 main.go:12: test
2022/02/09 09:39:00 bitflyer.go:57: action=doRequest endpoint=https://api.bitflyer.com/v1/me/getbalance
2022/02/09 09:39:00 bitflyer.go:33: 1644367140
2022/02/09 09:39:00 bitflyer.go:92: url=%!s(MISSING) resp=%!s(MISSING), url, string(resp)
2022/02/09 09:39:00 bitflyer.go:100: action=GetBalance err=json: cannot unmarshal object into Go value of type []bitflyer.Balance
2022/02/09 09:45:17 bitflyer.go:57: action=doRequest endpoint=https://api.bitflyer.com/v1/me/getbalance
2022/02/09 09:45:17 bitflyer.go:33: 1644367517
2022/02/09 09:45:18 bitflyer.go:92: url=me/getbalance resp={"status":-500,"error_message":"Key not found","data":null}
2022/02/09 09:45:18 bitflyer.go:100: action=GetBalance err=json: cannot unmarshal object into Go value of type []bitflyer.Balance
2022/02/19 11:10:24 bitflyer.go:57: action=doRequest endpoint=https://api.bitflyer.com/v1/me/getbalance
2022/02/19 11:10:24 bitflyer.go:33: 1645236624
2022/02/19 11:10:25 bitflyer.go:92: url=me/getbalance resp={"status":-500,"error_message":"Key not found","data":null}
2022/02/19 11:10:25 bitflyer.go:100: action=GetBalance err=json: cannot unmarshal object into Go value of type []bitflyer.Balance
2022/02/19 13:20:40 bitflyer.go:57: action=doRequest endpoint=https://api.bitflyer.com/v1/ticker
2022/02/19 13:20:40 bitflyer.go:33: 1645244440
2022/02/19 13:20:41 bitflyer.go:131: action=DateTime, err=parsing time "2022-02-19T04:20:38.837" as "2006-01-02T15:04:05Z07:00": cannot parse "" as "Z07:00"
2022/02/19 13:20:41 bitflyer.go:131: action=DateTime, err=parsing time "2022-02-19T04:20:38.837" as "2006-01-02T15:04:05Z07:00": cannot parse "" as "Z07:00"
2022/02/20 16:05:00 bitflyer.go:173: connecting to wss://ws.lightstream.bitflyer.com/json-rpc
2022/02/20 16:07:21 bitflyer.go:173: connecting to wss://ws.lightstream.bitflyer.com/json-rpc
2022/02/20 16:07:37 bitflyer.go:173: connecting to wss://ws.lightstream.bitflyer.com/json-rpc
2022/02/20 16:13:03 bitflyer.go:173: connecting to wss://ws.lightstream.bitflyer.com/json-rpc
2022/02/21 09:17:31 bitflyer.go:60: action=doRequest endpoint=https://api.bitflyer.com/v1/me/sendchildorder
2022/02/21 09:17:31 bitflyer.go:36: 1645402651
2022/06/19 11:35:15 main.go:48: test
2022/06/23 14:45:17 bitflyer.go:60: action=doRequest endpoint=https://api.bitflyer.com/v1/ticker
2022/06/23 14:45:17 bitflyer.go:36: 1655963117
2022/06/24 13:12:48 bitflyer.go:173: connecting to wss://ws.lightstream.bitflyer.com/json-rpc
2022/06/24 13:21:19 bitflyer.go:213: connecting to wss://ws.lightstream.bitflyer.com/json-rpc
2022/06/24 13:21:20 streamdata.go:16: action=StreamIngestionData, {BTC_USD 2022-06-24T04:21:20.4719214Z 6664118 21095.96 21109.96 1.875 1.875 29.96568213 23.75199817 21047.34 65.11437154 65.11437154}
2022/06/24 13:21:20 streamdata.go:16: action=StreamIngestionData, {BTC_USD 2022-06-24T04:21:20.8864202Z 6664125 21095.97 21109.96 0.04355452 1.875 28.13675783 23.20023927 21047.34 65.11437154 65.11437154}
2022/06/24 13:21:21 streamdata.go:16: action=StreamIngestionData, {BTC_USD 2022-06-24T04:21:21.3677955Z 6664126 21095.97 21109.96 0.04355452 1.875 28.13675783 23.80023927 21047.34 65.11437154 65.11437154}
2022/06/24 13:21:22 streamdata.go:16: action=StreamIngestionData, {BTC_USD 2022-06-24T04:21:22.482215Z 6664130 21090.06 21114.22 0.01 0.0482411 28.0512074 21.92523927 21047.34 65.11437154 65.11437154}
2022/06/24 13:21:23 streamdata.go:16: action=StreamIngestionData, {BTC_USD 2022-06-24T04:21:23.159803Z 6664131 21090.06 21114.22 0.01 0.0482411 28.0512074 20.05023927 21047.34 65.11437154 65.11437154}
2022/06/24 13:21:23 streamdata.go:16: action=StreamIngestionData, {BTC_USD 2022-06-24T04:21:23.7782828Z 6664138 21090.06 21100.28 0.01 1.875 29.9262074 23.1567931 21047.34 65.11437154 65.11437154}
2022/06/24 13:26:37 bitflyer.go:220: connecting to wss://ws.lightstream.bitflyer.com/json-rpc
2022/06/24 13:32:05 bitflyer.go:216: connecting to wss://ws.lightstream.bitflyer.com/json-rpc
2022/06/24 13:35:13 bitflyer.go:216: connecting to wss://ws.lightstream.bitflyer.com/json-rpc
2022/06/24 13:35:35 bitflyer.go:213: connecting to wss://ws.lightstream.bitflyer.com/json-rpc
2022/06/24 13:35:37 streamdata.go:16: action=StreamIngestionData, {BTC_USD 2022-06-24T04:35:37.3347245Z 6666388 20957.33 20957.58 0.01 1.875 25.47350392 23.26551084 21017.35 66.07437154 66.07437154}
2022/06/24 13:35:38 streamdata.go:16: action=StreamIngestionData, {BTC_USD 2022-06-24T04:35:38.2996254Z 6666390 20957.33 20960.72 0.01 2.475 23.59850392 21.39051084 21017.35 66.07437154 66.07437154}
2022/06/24 13:41:20 bitflyer.go:217: connecting to wss://ws.lightstream.bitflyer.com/json-rpc
2022/06/24 13:41:22 streamdata.go:16: action=StreamIngestionData, {BTC_USD 2022-06-24T04:41:22.2862099Z 6667419 20985.81 21001.35 0.01050614 1.3 27.34288852 22.01147499 20992.04 63.45437154 63.45437154}
2022/06/24 13:41:23 streamdata.go:16: action=StreamIngestionData, {BTC_USD 2022-06-24T04:41:23.3949556Z 6667420 20985.81 21001.35 0.01050614 1.3 27.34288852 23.88647499 20992.04 63.45437154 63.45437154}
2022/06/24 13:41:23 streamdata.go:16: action=StreamIngestionData, {BTC_USD 2022-06-24T04:41:23.9128619Z 6667424 20985.81 21001.35 0.01050614 0.7 27.29320629 23.88647499 20992.04 63.45437154 63.45437154}
2022/06/24 13:41:30 streamdata.go:16: action=StreamIngestionData, {BTC_USD 2022-06-24T04:41:30.038105Z 6667425 20985.81 21001.35 0.01050614 0.7 25.41820629 23.88647499 20992.04 63.45437154 63.45437154}
2022/06/24 13:41:30 streamdata.go:16: action=StreamIngestionData, {BTC_USD 2022-06-24T04:41:30.7181074Z 6667431 20954.88 21001.35 0.08789281 0.7 25.38278378 23.88078493 20992.04 63.45437154 63.45437154}
2022/06/24 13:41:31 streamdata.go:16: action=StreamIngestionData, {BTC_USD 2022-06-24T04:41:31.3274344Z 6667433 20954.88 21001.35 0.08789281 0.7 25.38278378 23.88078493 20992.04 63.45437154 63.45437154}
2022/06/24 13:41:32 streamdata.go:16: action=StreamIngestionData, {BTC_USD 2022-06-24T04:41:32.0167105Z 6667444 20980.02 20996.75 1.875 1.875 27.3431065 23.36850406 20992.04 63.45437154 63.45437154}
2022/06/24 13:41:33 streamdata.go:16: action=StreamIngestionData, {BTC_USD 2022-06-24T04:41:32.8232443Z 6667445 20980.02 20996.75 1.875 1.875 27.3431065 23.96850406 20992.04 63.45437154 63.45437154}
2022/06/24 13:41:33 streamdata.go:16: action=StreamIngestionData, {BTC_USD 2022-06-24T04:41:33.6466619Z 6667448 20980.02 21001.34 1.875 0.04987659 27.29205508 22.09350406 20992.04 63.45437154 63.45437154}
2022/06/24 13:41:36 streamdata.go:16: action=StreamIngestionData, {BTC_USD 2022-06-24T04:41:35.5694233Z 6667451 20980.02 20994.46 1.875 1.875 27.29205508 23.96850406 20992.04 63.45437154 63.45437154}
2022/06/24 13:41:37 streamdata.go:16: action=StreamIngestionData, {BTC_USD 2022-06-24T04:41:37.572662Z 6667455 20980.02 20997.61 1.875 1.875 27.24757558 23.93066152 20992.04 63.45437154 63.45437154}
2022/06/24 13:41:39 streamdata.go:16: action=StreamIngestionData, {BTC_USD 2022-06-24T04:41:39.444068Z 6667461 20980.03 20997.61 0.04290203 1.875 25.4658453 23.96893538 20992.04 63.45437154 63.45437154}
2022/06/24 13:41:41 streamdata.go:16: action=StreamIngestionData, {BTC_USD 2022-06-24T04:41:41.4993589Z 6667468 20976.22 20991.03 1.875 1.875 27.29794327 23.92670245 20992.04 63.45437154 63.45437154}
2022/06/24 13:41:42 streamdata.go:16: action=StreamIngestionData, {BTC_USD 2022-06-24T04:41:42.4251922Z 6667472 20976.23 20994.17 0.03920678 1.875 27.34157031 22.0934827 20992.04 63.45437154 63.45437154}
2022/06/24 13:41:43 streamdata.go:16: action=StreamIngestionData, {BTC_USD 2022-06-24T04:41:43.5152065Z 6667473 20976.23 21001.34 0.03920678 0.04987659 27.34157031 20.2184827 20992.04 63.45437154 63.45437154}
2022/06/24 13:41:44 streamdata.go:16: action=StreamIngestionData, {BTC_USD 2022-06-24T04:41:44.0324407Z 6667477 20977.06 20994.43 1.875 1.875 27.34157031 23.9684827 20992.04 63.45437154 63.45437154}
2022/06/24 13:41:47 streamdata.go:16: action=StreamIngestionData, {BTC_USD 2022-06-24T04:41:47.6230454Z 6667479 20954.88 20994.43 0.04142042 1.875 25.42736353 23.9684827 20992.04 63.45437154 63.45437154}
2022/06/24 13:41:48 streamdata.go:16: action=StreamIngestionData, {BTC_USD 2022-06-24T04:41:48.5199141Z 6667482 20954.88 21001.34 0.04142042 0.04987659 25.42397341 20.2184827 20992.04 63.45437154 63.45437154}
2022/06/24 13:41:49 streamdata.go:16: action=StreamIngestionData, {BTC_USD 2022-06-24T04:41:49.039789Z 6667485 20974.32 20991.32 1.875 1.875 27.29897341 23.9684827 20992.04 63.45437154 63.45437154}
2022/06/24 13:41:49 streamdata.go:16: action=StreamIngestionData, {BTC_USD 2022-06-24T04:41:49.8116966Z 6667488 20974.33 20991.32 0.04409872 1.875 25.46807213 23.3684827 20992.04 63.45437154 63.45437154}
2022/06/24 13:41:51 streamdata.go:16: action=StreamIngestionData, {BTC_USD 2022-06-24T04:41:51.1656464Z 6667494 20974.33 20984.2 0.04409872 1.875 27.34307213 23.9684827 20992.04 63.45437154 63.45437154}
2022/06/24 13:41:52 streamdata.go:16: action=StreamIngestionData, {BTC_USD 2022-06-24T04:41:52.2006985Z 6667499 20974.33 20987.35 0.04409872 0.6 27.34307213 20.16860611 20992.04 63.45437154 63.45437154}
2022/06/24 13:41:53 streamdata.go:16: action=StreamIngestionData, {BTC_USD 2022-06-24T04:41:53.0424479Z 6667503 20974.33 21001.34 0.04409872 0.6 25.46807213 20.21442931 20992.04 63.45437154 63.45437154}
2022/06/24 13:41:53 streamdata.go:16: action=StreamIngestionData, {BTC_USD 2022-06-24T04:41:53.6259761Z 6667506 20974.33 20991.98 0.04409872 1.875 27.34307213 23.96442931 20992.04 63.45437154 63.45437154}
2022/06/24 13:41:55 streamdata.go:16: action=StreamIngestionData, {BTC_USD 2022-06-24T04:41:55.56901Z 6667508 20974.33 20995.12 0.04409872 1.875 25.46807213 22.08942931 20992.04 63.45437154 63.45437154}
2022/06/24 13:41:56 streamdata.go:16: action=StreamIngestionData, {BTC_USD 2022-06-24T04:41:56.1128985Z 6667510 20954.88 21001.34 0.04142042 0.6 25.42397341 20.21442931 20992.04 63.45437154 63.45437154}
2022/06/24 13:41:56 streamdata.go:16: action=StreamIngestionData, {BTC_USD 2022-06-24T04:41:56.7318331Z 6667513 20979.26 20995.01 1.875 1.875 27.29897341 23.96442931 20992.04 63.45437154 63.45437154}
2022/06/24 13:41:57 streamdata.go:16: action=StreamIngestionData, {BTC_USD 2022-06-24T04:41:57.4734539Z 6667517 20954.85 20995.01 0.03 1.875 25.33865069 23.96442931 20992.04 63.45437154 63.45437154}
2022/06/24 13:41:58 streamdata.go:16: action=StreamIngestionData, {BTC_USD 2022-06-24T04:41:58.6469495Z 6667518 20975.11 20995.01 1.875 1.875 27.21365069 23.96442931 20992.04 63.45437154 63.45437154}
2022/06/24 13:42:00 streamdata.go:16: action=StreamIngestionData, {BTC_USD 2022-06-24T04:42:00.5823531Z 6667524 20975.12 20998.16 0.04940706 1.875 25.46834543 22.08942931 20992.04 63.45437154 63.45437154}
2022/06/24 13:42:01 streamdata.go:16: action=StreamIngestionData, {BTC_USD 2022-06-24T04:42:01.1084902Z 6667526 20954.85 21001.34 0.03 0.6 25.41893837 20.21442931 20992.04 63.45437154 63.45437154}
2022/06/24 13:42:01 streamdata.go:16: action=StreamIngestionData, {BTC_USD 2022-06-24T04:42:01.7394492Z 6667534 20975.15 20993.13 1.875 1.875 26.93393837 23.96442931 20992.04 63.45437154 63.45437154}
2022/06/24 13:42:02 streamdata.go:16: action=StreamIngestionData, {BTC_USD 2022-06-24T04:42:02.8683523Z 6667537 20975.16 20993.13 0.04081905 1.875 26.98337251 22.46442931 20992.04 63.45437154 63.45437154}
2022/06/24 13:42:03 streamdata.go:16: action=StreamIngestionData, {BTC_USD 2022-06-24T04:42:03.5663542Z 6667540 20979.39 20993.13 1.875 1.875 26.98337251 23.96442931 20992.04 63.45437154 63.45437154}
2022/06/24 13:42:04 streamdata.go:16: action=StreamIngestionData, {BTC_USD 2022-06-24T04:42:04.5752161Z 6667544 20949.93 20993.13 0.1 1.875 25.01718577 23.96442931 20992.04 63.45437154 63.45437154}
2022/06/24 13:42:05 streamdata.go:16: action=StreamIngestionData, {BTC_USD 2022-06-24T04:42:05.5798512Z 6667547 20949.93 20996.27 0.1 1.875 25.01718577 22.05115545 20992.04 63.45437154 63.45437154}
2022/06/24 13:42:06 streamdata.go:16: action=StreamIngestionData, {BTC_USD 2022-06-24T04:42:06.1142852Z 6667548 20949.93 21001.34 0.1 0.6 25.01718577 20.17615545 20992.04 63.45437154 63.45437154}
2022/06/24 13:42:06 streamdata.go:16: action=StreamIngestionData, {BTC_USD 2022-06-24T04:42:06.7135999Z 6667555 20978.59 20994.48 1.875 1.875 26.98102629 23.96875803 20992.04 63.45437154 63.45437154}
2022/06/24 13:42:08 streamdata.go:16: action=StreamIngestionData, {BTC_USD 2022-06-24T04:42:07.8678754Z 6667557 20949.94 20994.48 0.04812286 1.875 25.10602629 23.06875803 20992.04 63.45437154 63.45437154}
2022/06/24 13:42:08 streamdata.go:16: action=StreamIngestionData, {BTC_USD 2022-06-24T04:42:08.6589868Z 6667561 20949.94 20997.63 0.04812286 1.875 25.10160603 22.05197778 20992.04 63.45437154 63.45437154}
2022/06/24 13:42:09 streamdata.go:16: action=StreamIngestionData, {BTC_USD 2022-06-24T04:42:09.436884Z 6667563 20949.94 21001.33 0.04812286 0.0814564 25.10160603 20.21893538 20992.04 63.45437154 63.45437154}
2022/06/24 13:42:10 streamdata.go:16: action=StreamIngestionData, {BTC_USD 2022-06-24T04:42:10.6333805Z 6667567 20949.94 20994.73 0.04812286 1.875 25.10160603 23.96893538 20992.04 63.45437154 63.45437154}
2022/06/24 13:42:11 streamdata.go:16: action=StreamIngestionData, {BTC_USD 2022-06-24T04:42:11.7160888Z 6667569 20978.44 20994.73 1.875 1.875 26.98250876 23.96893538 20992.04 63.45437154 63.45437154}
2022/06/24 13:42:13 streamdata.go:16: action=StreamIngestionData, {BTC_USD 2022-06-24T04:42:13.2204264Z 6667571 20949.94 20994.73 0.04812286 1.875 25.10750876 23.92943658 20992.04 63.45437154 63.45437154}
2022/06/24 13:42:13 streamdata.go:16: action=StreamIngestionData, {BTC_USD 2022-06-24T04:42:13.7968903Z 6667573 20974.79 20994.72 1.875 0.03897046 26.98250876 23.96840704 20992.04 63.45437154 63.45437154}
2022/06/24 13:42:16 streamdata.go:16: action=StreamIngestionData, {BTC_USD 2022-06-24T04:42:16.1140008Z 6667574 20974.79 20994.72 1.875 0.03897046 27.13250876 23.96840704 20992.04 63.45437154 63.45437154}
2022/06/24 13:42:17 streamdata.go:16: action=StreamIngestionData, {BTC_USD 2022-06-24T04:42:17.7436862Z 6667576 20974.79 20990.95 1.875 1.875 27.13250876 23.96840704 20992.04 63.45437154 63.45437154}
2022/06/24 13:42:22 streamdata.go:16: action=StreamIngestionData, {BTC_USD 2022-06-24T04:42:22.1624415Z 6667577 20974.79 20990.95 1.875 1.875 27.14250876 23.96840704 20992.04 63.45437154 63.45437154}
2022/06/24 13:42:26 streamdata.go:16: action=StreamIngestionData, {BTC_USD 2022-06-24T04:42:26.1909041Z 6667578 20974.79 20990.95 1.875 1.875 27.15250876 23.96840704 20992.04 63.45437154 63.45437154}
2022/06/24 13:42:29 streamdata.go:16: action=StreamIngestionData, {BTC_USD 2022-06-24T04:42:29.5666391Z 6667579 20951.26 20990.95 0.01 1.875 25.27750876 23.96840704 20992.04 63.45437154 63.45437154}
2022/06/24 13:42:35 streamdata.go:16: action=StreamIngestionData, {BTC_USD 2022-06-24T04:42:35.5922428Z 6667586 20971.91 20990.95 1.875 1.875 27.14360599 23.92258384 20992.04 63.45437154 63.45437154}
2022/06/24 13:42:37 streamdata.go:16: action=StreamIngestionData, {BTC_USD 2022-06-24T04:42:37.9580912Z 6667591 20971.92 20994.72 0.05272698 0.03897046 25.35558949 22.04758384 20992.04 63.45437154 63.45437154}
2022/06/24 13:42:38 streamdata.go:16: action=StreamIngestionData, {BTC_USD 2022-06-24T04:42:38.9481438Z 6667597 20972.9 20994.72 1.875 0.03897046 27.13124212 20.13062624 20992.04 63.45437154 63.45437154}
2022/06/24 13:42:42 streamdata.go:16: action=StreamIngestionData, {BTC_USD 2022-06-24T04:42:42.5737312Z 6667602 20972.9 20989.12 1.875 1.875 27.09311926 23.84165578 20992.04 63.45437154 63.45437154}
2022/06/24 13:42:45 streamdata.go:16: action=StreamIngestionData, {BTC_USD 2022-06-24T04:42:45.0937919Z 6667610 20972.91 20989.11 0.04738965 0.04959311 25.35261323 22.09252526 20992.04 63.45437154 63.45437154}
2022/06/24 13:42:47 streamdata.go:16: action=StreamIngestionData, {BTC_USD 2022-06-24T04:42:47.9014254Z 6667617 20973.61 20992.27 1.875 1.875 27.18022358 23.91482837 20992.04 63.45437154 63.45437154}
2022/06/24 13:42:51 streamdata.go:16: action=StreamIngestionData, {BTC_USD 2022-06-24T04:42:51.1734919Z 6667620 20973.62 20992.27 0.04330973 1.875 25.3682029 23.91482837 20992.04 63.45437154 63.45437154}
